

================================================================
== Vitis HLS Report for 'dct_2d_Pipeline_Row_DCT_Loop_DCT_Outer_Loop'
================================================================
* Date:           Fri Oct 14 17:52:34 2022

* Version:        2022.1 (Build 3526262 on Mon Apr 18 15:47:01 MDT 2022)
* Project:        dct_prj
* Solution:       solution6 (Vivado IP Flow Target)
* Product family: virtexuplus
* Target device:  xcvu9p-flgb2104-1-e


================================================================
== Performance Estimates
================================================================
+ Timing: 
    * Summary: 
    +--------+----------+----------+------------+
    |  Clock |  Target  | Estimated| Uncertainty|
    +--------+----------+----------+------------+
    |ap_clk  |  10.00 ns|  4.159 ns|     2.70 ns|
    +--------+----------+----------+------------+

+ Latency: 
    * Summary: 
    +---------+---------+----------+----------+-----+-----+---------+
    |  Latency (cycles) |  Latency (absolute) |  Interval | Pipeline|
    |   min   |   max   |    min   |    max   | min | max |   Type  |
    +---------+---------+----------+----------+-----+-----+---------+
    |      263|      263|  2.630 us|  2.630 us|  263|  263|       no|
    +---------+---------+----------+----------+-----+-----+---------+

    + Detail: 
        * Instance: 
        N/A

        * Loop: 
        +-------------------------------+---------+---------+----------+-----------+-----------+------+----------+
        |                               |  Latency (cycles) | Iteration|  Initiation Interval  | Trip |          |
        |           Loop Name           |   min   |   max   |  Latency |  achieved |   target  | Count| Pipelined|
        +-------------------------------+---------+---------+----------+-----------+-----------+------+----------+
        |- Row_DCT_Loop_DCT_Outer_Loop  |      261|      261|        10|          4|          1|    64|       yes|
        +-------------------------------+---------+---------+----------+-----------+-----------+------+----------+



================================================================
== Utilization Estimates
================================================================
* Summary: 
+---------------------+---------+------+---------+---------+-----+
|         Name        | BRAM_18K|  DSP |    FF   |   LUT   | URAM|
+---------------------+---------+------+---------+---------+-----+
|DSP                  |        -|     8|        -|        -|    -|
|Expression           |        -|     -|        0|      241|    -|
|FIFO                 |        -|     -|        -|        -|    -|
|Instance             |        -|     -|        -|        -|    -|
|Memory               |        -|     -|        -|        -|    -|
|Multiplexer          |        -|     -|        -|      261|    -|
|Register             |        -|     -|      423|       32|    -|
+---------------------+---------+------+---------+---------+-----+
|Total                |        0|     8|      423|      534|    0|
+---------------------+---------+------+---------+---------+-----+
|Available SLR        |     1440|  2280|   788160|   394080|  320|
+---------------------+---------+------+---------+---------+-----+
|Utilization SLR (%)  |        0|    ~0|       ~0|       ~0|    0|
+---------------------+---------+------+---------+---------+-----+
|Available            |     4320|  6840|  2364480|  1182240|  960|
+---------------------+---------+------+---------+---------+-----+
|Utilization (%)      |        0|    ~0|       ~0|       ~0|    0|
+---------------------+---------+------+---------+---------+-----+

+ Detail: 
    * Instance: 
    N/A

    * DSP: 
    +------------------------------------+--------------------------------+--------------+
    |              Instance              |             Module             |  Expression  |
    +------------------------------------+--------------------------------+--------------+
    |mac_muladd_16s_14ns_29s_29_4_1_U7   |mac_muladd_16s_14ns_29s_29_4_1  |  i0 + i1 * i2|
    |mac_muladd_16s_15s_13ns_29_4_1_U6   |mac_muladd_16s_15s_13ns_29_4_1  |  i0 * i1 + i2|
    |mac_muladd_16s_15s_29ns_29_4_1_U10  |mac_muladd_16s_15s_29ns_29_4_1  |  i0 + i1 * i2|
    |mac_muladd_16s_15s_29s_29_4_1_U8    |mac_muladd_16s_15s_29s_29_4_1   |  i0 + i1 * i2|
    |mac_muladd_16s_15s_29s_29_4_1_U9    |mac_muladd_16s_15s_29s_29_4_1   |  i0 + i1 * i2|
    |mul_mul_16s_15s_29_4_1_U3           |mul_mul_16s_15s_29_4_1          |       i0 * i1|
    |mul_mul_16s_15s_29_4_1_U4           |mul_mul_16s_15s_29_4_1          |       i0 * i1|
    |mul_mul_16s_15s_29_4_1_U5           |mul_mul_16s_15s_29_4_1          |       i0 * i1|
    +------------------------------------+--------------------------------+--------------+

    * Memory: 
    N/A

    * FIFO: 
    N/A

    * Expression: 
    +--------------------------+----------+----+---+----+------------+------------+
    |       Variable Name      | Operation| DSP| FF| LUT| Bitwidth P0| Bitwidth P1|
    +--------------------------+----------+----+---+----+------------+------------+
    |add_ln57_fu_443_p2        |         +|   0|  0|  12|           4|           1|
    |add_ln63_1_fu_437_p2      |         +|   0|  0|  13|           6|           6|
    |add_ln63_4_fu_594_p2      |         +|   0|  0|  29|          29|          29|
    |add_ln63_8_fu_598_p2      |         +|   0|  0|  36|          29|          29|
    |add_ln63_fu_602_p2        |         +|   0|  0|  29|          29|          29|
    |add_ln76_1_fu_337_p2      |         +|   0|  0|  14|           7|           1|
    |add_ln76_fu_346_p2        |         +|   0|  0|  12|           4|           1|
    |icmp_ln57_fu_356_p2       |      icmp|   0|  0|   9|           4|           5|
    |icmp_ln76_fu_331_p2       |      icmp|   0|  0|  11|           7|           8|
    |or_ln76_1_fu_413_p2       |        or|   0|  0|   6|           6|           2|
    |or_ln76_2_fu_507_p2       |        or|   0|  0|   6|           6|           2|
    |or_ln76_3_fu_472_p2       |        or|   0|  0|   6|           6|           3|
    |or_ln76_4_fu_542_p2       |        or|   0|  0|   6|           6|           3|
    |or_ln76_5_fu_552_p2       |        or|   0|  0|   6|           6|           3|
    |or_ln76_6_fu_483_p2       |        or|   0|  0|   6|           6|           3|
    |or_ln76_fu_402_p2         |        or|   0|  0|   6|           6|           1|
    |grp_fu_282_p3             |    select|   0|  0|   6|           1|           6|
    |grp_fu_287_p3             |    select|   0|  0|   6|           1|           6|
    |select_ln76_14_fu_522_p3  |    select|   0|  0|   6|           1|           6|
    |select_ln76_15_fu_527_p3  |    select|   0|  0|   6|           1|           6|
    |select_ln76_1_fu_382_p3   |    select|   0|  0|   4|           1|           4|
    |select_ln76_fu_364_p3     |    select|   0|  0|   4|           1|           1|
    |ap_enable_pp0             |       xor|   0|  0|   2|           1|           2|
    +--------------------------+----------+----+---+----+------------+------------+
    |Total                     |          |   0|  0| 241|         168|         157|
    +--------------------------+----------+----+---+----+------------+------------+

    * Multiplexer: 
    +--------------------------------------+----+-----------+-----+-----------+
    |                 Name                 | LUT| Input Size| Bits| Total Bits|
    +--------------------------------------+----+-----------+-----+-----------+
    |ap_NS_fsm                             |  26|          5|    1|          5|
    |ap_done_int                           |   9|          2|    1|          2|
    |ap_enable_reg_pp0_iter0               |   9|          2|    1|          2|
    |ap_enable_reg_pp0_iter1               |   9|          2|    1|          2|
    |ap_enable_reg_pp0_iter2               |   9|          2|    1|          2|
    |ap_loop_exit_ready_pp0_iter1_reg      |   9|          2|    1|          2|
    |ap_sig_allocacmp_i_1                  |   9|          2|    4|          8|
    |ap_sig_allocacmp_indvar_flatten_load  |   9|          2|    7|         14|
    |ap_sig_allocacmp_k_load               |   9|          2|    4|          8|
    |grp_fu_282_p0                         |  14|          3|    1|          3|
    |grp_fu_282_p1                         |  14|          3|    6|         18|
    |grp_fu_282_p2                         |  14|          3|    6|         18|
    |grp_fu_287_p0                         |  14|          3|    1|          3|
    |grp_fu_287_p1                         |  14|          3|    6|         18|
    |grp_fu_287_p2                         |  14|          3|    6|         18|
    |i_fu_84                               |   9|          2|    4|          8|
    |in_block_address0                     |  26|          5|    6|         30|
    |in_block_address1                     |  26|          5|    6|         30|
    |indvar_flatten_fu_88                  |   9|          2|    7|         14|
    |k_fu_80                               |   9|          2|    4|          8|
    +--------------------------------------+----+-----------+-----+-----------+
    |Total                                 | 261|         55|   74|        213|
    +--------------------------------------+----+-----------+-----+-----------+

    * Register: 
    +----------------------------------+----+----+-----+-----------+
    |               Name               | FF | LUT| Bits| Const Bits|
    +----------------------------------+----+----+-----+-----------+
    |add_ln63_1_reg_740                |   6|   0|    6|          0|
    |add_ln63_2_reg_955                |  29|   0|   29|          0|
    |add_ln63_3_reg_960                |  29|   0|   29|          0|
    |add_ln63_5_reg_965                |  29|   0|   29|          0|
    |add_ln63_6_reg_940                |  29|   0|   29|          0|
    |ap_CS_fsm                         |   4|   0|    4|          0|
    |ap_done_reg                       |   1|   0|    1|          0|
    |ap_enable_reg_pp0_iter0_reg       |   1|   0|    1|          0|
    |ap_enable_reg_pp0_iter1           |   1|   0|    1|          0|
    |ap_enable_reg_pp0_iter2           |   1|   0|    1|          0|
    |ap_loop_exit_ready_pp0_iter1_reg  |   1|   0|    1|          0|
    |dct_coeff_table_0_load_reg_790    |  14|   0|   14|          0|
    |dct_coeff_table_4_load_reg_805    |  15|   0|   15|          0|
    |dct_coeff_table_6_load_reg_935    |  15|   0|   15|          0|
    |dct_coeff_table_7_load_reg_810    |  15|   0|   15|          0|
    |i_fu_84                           |   4|   0|    4|          0|
    |icmp_ln57_reg_707                 |   1|   0|    1|          0|
    |icmp_ln76_reg_703                 |   1|   0|    1|          0|
    |icmp_ln76_reg_703_pp0_iter1_reg   |   1|   0|    1|          0|
    |in_block_load_3_reg_855           |  16|   0|   16|          0|
    |in_block_load_6_reg_875           |  16|   0|   16|          0|
    |indvar_flatten_fu_88              |   7|   0|    7|          0|
    |k_cast_reg_733                    |   4|   0|   64|         60|
    |k_fu_80                           |   4|   0|    4|          0|
    |mul_ln61_1_reg_890                |  29|   0|   29|          0|
    |mul_ln61_3_reg_925                |  29|   0|   29|          0|
    |mul_ln61_reg_885                  |  29|   0|   29|          0|
    |reg_292                           |  16|   0|   16|          0|
    |select_ln76_14_reg_830            |   3|   0|    6|          3|
    |select_ln76_15_reg_835            |   3|   0|    6|          3|
    |tmp_8_cast_reg_715                |   3|   0|    6|          3|
    |tmp_cast_reg_695                  |   3|   0|    6|          3|
    |add_ln63_1_reg_740                |  64|  32|    6|          0|
    +----------------------------------+----+----+-----+-----------+
    |Total                             | 423|  32|  437|         72|
    +----------------------------------+----+----+-----+-----------+



================================================================
== Interface
================================================================
* Summary: 
+----------------------------+-----+-----+------------+---------------------------------------------+--------------+
|          RTL Ports         | Dir | Bits|  Protocol  |                Source Object                |    C Type    |
+----------------------------+-----+-----+------------+---------------------------------------------+--------------+
|ap_clk                      |   in|    1|  ap_ctrl_hs|  dct_2d_Pipeline_Row_DCT_Loop_DCT_Outer_Loop|  return value|
|ap_rst                      |   in|    1|  ap_ctrl_hs|  dct_2d_Pipeline_Row_DCT_Loop_DCT_Outer_Loop|  return value|
|ap_start                    |   in|    1|  ap_ctrl_hs|  dct_2d_Pipeline_Row_DCT_Loop_DCT_Outer_Loop|  return value|
|ap_done                     |  out|    1|  ap_ctrl_hs|  dct_2d_Pipeline_Row_DCT_Loop_DCT_Outer_Loop|  return value|
|ap_idle                     |  out|    1|  ap_ctrl_hs|  dct_2d_Pipeline_Row_DCT_Loop_DCT_Outer_Loop|  return value|
|ap_ready                    |  out|    1|  ap_ctrl_hs|  dct_2d_Pipeline_Row_DCT_Loop_DCT_Outer_Loop|  return value|
|in_block_address0           |  out|    6|   ap_memory|                                     in_block|         array|
|in_block_ce0                |  out|    1|   ap_memory|                                     in_block|         array|
|in_block_q0                 |   in|   16|   ap_memory|                                     in_block|         array|
|in_block_address1           |  out|    6|   ap_memory|                                     in_block|         array|
|in_block_ce1                |  out|    1|   ap_memory|                                     in_block|         array|
|in_block_q1                 |   in|   16|   ap_memory|                                     in_block|         array|
|row_outbuf_address0         |  out|    6|   ap_memory|                                   row_outbuf|         array|
|row_outbuf_ce0              |  out|    1|   ap_memory|                                   row_outbuf|         array|
|row_outbuf_we0              |  out|    1|   ap_memory|                                   row_outbuf|         array|
|row_outbuf_d0               |  out|   16|   ap_memory|                                   row_outbuf|         array|
|dct_coeff_table_0_address0  |  out|    3|   ap_memory|                            dct_coeff_table_0|         array|
|dct_coeff_table_0_ce0       |  out|    1|   ap_memory|                            dct_coeff_table_0|         array|
|dct_coeff_table_0_q0        |   in|   14|   ap_memory|                            dct_coeff_table_0|         array|
|dct_coeff_table_1_address0  |  out|    3|   ap_memory|                            dct_coeff_table_1|         array|
|dct_coeff_table_1_ce0       |  out|    1|   ap_memory|                            dct_coeff_table_1|         array|
|dct_coeff_table_1_q0        |   in|   15|   ap_memory|                            dct_coeff_table_1|         array|
|dct_coeff_table_2_address0  |  out|    3|   ap_memory|                            dct_coeff_table_2|         array|
|dct_coeff_table_2_ce0       |  out|    1|   ap_memory|                            dct_coeff_table_2|         array|
|dct_coeff_table_2_q0        |   in|   15|   ap_memory|                            dct_coeff_table_2|         array|
|dct_coeff_table_3_address0  |  out|    3|   ap_memory|                            dct_coeff_table_3|         array|
|dct_coeff_table_3_ce0       |  out|    1|   ap_memory|                            dct_coeff_table_3|         array|
|dct_coeff_table_3_q0        |   in|   15|   ap_memory|                            dct_coeff_table_3|         array|
|dct_coeff_table_4_address0  |  out|    3|   ap_memory|                            dct_coeff_table_4|         array|
|dct_coeff_table_4_ce0       |  out|    1|   ap_memory|                            dct_coeff_table_4|         array|
|dct_coeff_table_4_q0        |   in|   15|   ap_memory|                            dct_coeff_table_4|         array|
|dct_coeff_table_5_address0  |  out|    3|   ap_memory|                            dct_coeff_table_5|         array|
|dct_coeff_table_5_ce0       |  out|    1|   ap_memory|                            dct_coeff_table_5|         array|
|dct_coeff_table_5_q0        |   in|   15|   ap_memory|                            dct_coeff_table_5|         array|
|dct_coeff_table_6_address0  |  out|    3|   ap_memory|                            dct_coeff_table_6|         array|
|dct_coeff_table_6_ce0       |  out|    1|   ap_memory|                            dct_coeff_table_6|         array|
|dct_coeff_table_6_q0        |   in|   15|   ap_memory|                            dct_coeff_table_6|         array|
|dct_coeff_table_7_address0  |  out|    3|   ap_memory|                            dct_coeff_table_7|         array|
|dct_coeff_table_7_ce0       |  out|    1|   ap_memory|                            dct_coeff_table_7|         array|
|dct_coeff_table_7_q0        |   in|   15|   ap_memory|                            dct_coeff_table_7|         array|
+----------------------------+-----+-----+------------+---------------------------------------------+--------------+

