

================================================================
== Vitis HLS Report for 'dct_Pipeline_Row_DCT_Loop_DCT_Outer_Loop'
================================================================
* Date:           Fri Oct 14 17:52:22 2022

* Version:        2022.1 (Build 3526262 on Mon Apr 18 15:47:01 MDT 2022)
* Project:        dct_prj
* Solution:       solution5 (Vivado IP Flow Target)
* Product family: virtexuplus
* Target device:  xcvu9p-flgb2104-1-e


================================================================
== Performance Estimates
================================================================
+ Timing: 
    * Summary: 
    +--------+----------+----------+------------+
    |  Clock |  Target  | Estimated| Uncertainty|
    +--------+----------+----------+------------+
    |ap_clk  |  10.00 ns|  4.159 ns|     2.70 ns|
    +--------+----------+----------+------------+

+ Latency: 
    * Summary: 
    +---------+---------+----------+----------+-----+-----+---------+
    |  Latency (cycles) |  Latency (absolute) |  Interval | Pipeline|
    |   min   |   max   |    min   |    max   | min | max |   Type  |
    +---------+---------+----------+----------+-----+-----+---------+
    |       70|       70|  0.700 us|  0.700 us|   70|   70|       no|
    +---------+---------+----------+----------+-----+-----+---------+

    + Detail: 
        * Instance: 
        N/A

        * Loop: 
        +-------------------------------+---------+---------+----------+-----------+-----------+------+----------+
        |                               |  Latency (cycles) | Iteration|  Initiation Interval  | Trip |          |
        |           Loop Name           |   min   |   max   |  Latency |  achieved |   target  | Count| Pipelined|
        +-------------------------------+---------+---------+----------+-----------+-----------+------+----------+
        |- Row_DCT_Loop_DCT_Outer_Loop  |       68|       68|         6|          1|          1|    64|       yes|
        +-------------------------------+---------+---------+----------+-----------+-----------+------+----------+



================================================================
== Utilization Estimates
================================================================
* Summary: 
+---------------------+---------+------+---------+---------+-----+
|         Name        | BRAM_18K|  DSP |    FF   |   LUT   | URAM|
+---------------------+---------+------+---------+---------+-----+
|DSP                  |        -|     8|        -|        -|    -|
|Expression           |        -|     -|        0|      265|    -|
|FIFO                 |        -|     -|        -|        -|    -|
|Instance             |        -|     -|        -|        -|    -|
|Memory               |        -|     -|        -|        -|    -|
|Multiplexer          |        -|     -|        -|       72|    -|
|Register             |        -|     -|      219|       32|    -|
+---------------------+---------+------+---------+---------+-----+
|Total                |        0|     8|      219|      369|    0|
+---------------------+---------+------+---------+---------+-----+
|Available SLR        |     1440|  2280|   788160|   394080|  320|
+---------------------+---------+------+---------+---------+-----+
|Utilization SLR (%)  |        0|    ~0|       ~0|       ~0|    0|
+---------------------+---------+------+---------+---------+-----+
|Available            |     4320|  6840|  2364480|  1182240|  960|
+---------------------+---------+------+---------+---------+-----+
|Utilization (%)      |        0|    ~0|       ~0|       ~0|    0|
+---------------------+---------+------+---------+---------+-----+

+ Detail: 
    * Instance: 
    N/A

    * DSP: 
    +------------------------------------+--------------------------------+--------------+
    |              Instance              |             Module             |  Expression  |
    +------------------------------------+--------------------------------+--------------+
    |mac_muladd_16s_14ns_29s_29_4_1_U7   |mac_muladd_16s_14ns_29s_29_4_1  |  i0 + i1 * i2|
    |mac_muladd_16s_15s_13ns_29_4_1_U6   |mac_muladd_16s_15s_13ns_29_4_1  |  i0 * i1 + i2|
    |mac_muladd_16s_15s_29ns_29_4_1_U10  |mac_muladd_16s_15s_29ns_29_4_1  |  i0 + i1 * i2|
    |mac_muladd_16s_15s_29s_29_4_1_U8    |mac_muladd_16s_15s_29s_29_4_1   |  i0 + i1 * i2|
    |mac_muladd_16s_15s_29s_29_4_1_U9    |mac_muladd_16s_15s_29s_29_4_1   |  i0 + i1 * i2|
    |mul_mul_16s_15s_29_4_1_U3           |mul_mul_16s_15s_29_4_1          |       i0 * i1|
    |mul_mul_16s_15s_29_4_1_U4           |mul_mul_16s_15s_29_4_1          |       i0 * i1|
    |mul_mul_16s_15s_29_4_1_U5           |mul_mul_16s_15s_29_4_1          |       i0 * i1|
    +------------------------------------+--------------------------------+--------------+

    * Memory: 
    N/A

    * FIFO: 
    N/A

    * Expression: 
    +--------------------------+----------+----+---+----+------------+------------+
    |       Variable Name      | Operation| DSP| FF| LUT| Bitwidth P0| Bitwidth P1|
    +--------------------------+----------+----+---+----+------------+------------+
    |add_ln57_fu_574_p2        |         +|   0|  0|  12|           4|           1|
    |add_ln63_1_fu_568_p2      |         +|   0|  0|  13|           6|           6|
    |add_ln63_4_fu_655_p2      |         +|   0|  0|  29|          29|          29|
    |add_ln63_8_fu_659_p2      |         +|   0|  0|  36|          29|          29|
    |add_ln63_fu_663_p2        |         +|   0|  0|  29|          29|          29|
    |add_ln76_1_fu_345_p2      |         +|   0|  0|  14|           7|           1|
    |add_ln76_fu_354_p2        |         +|   0|  0|  12|           4|           1|
    |icmp_ln57_fu_364_p2       |      icmp|   0|  0|   9|           4|           5|
    |icmp_ln76_fu_339_p2       |      icmp|   0|  0|  11|           7|           8|
    |or_ln76_1_fu_446_p2       |        or|   0|  0|   6|           6|           2|
    |or_ln76_2_fu_465_p2       |        or|   0|  0|   6|           6|           2|
    |or_ln76_3_fu_484_p2       |        or|   0|  0|   6|           6|           3|
    |or_ln76_4_fu_503_p2       |        or|   0|  0|   6|           6|           3|
    |or_ln76_5_fu_522_p2       |        or|   0|  0|   6|           6|           3|
    |or_ln76_6_fu_541_p2       |        or|   0|  0|   6|           6|           3|
    |or_ln76_fu_427_p2         |        or|   0|  0|   6|           6|           1|
    |select_ln76_10_fu_419_p3  |    select|   0|  0|   6|           1|           6|
    |select_ln76_11_fu_438_p3  |    select|   0|  0|   6|           1|           6|
    |select_ln76_12_fu_457_p3  |    select|   0|  0|   6|           1|           6|
    |select_ln76_13_fu_476_p3  |    select|   0|  0|   6|           1|           6|
    |select_ln76_14_fu_495_p3  |    select|   0|  0|   6|           1|           6|
    |select_ln76_15_fu_514_p3  |    select|   0|  0|   6|           1|           6|
    |select_ln76_16_fu_533_p3  |    select|   0|  0|   6|           1|           6|
    |select_ln76_1_fu_386_p3   |    select|   0|  0|   4|           1|           4|
    |select_ln76_2_fu_406_p3   |    select|   0|  0|   6|           1|           6|
    |select_ln76_fu_370_p3     |    select|   0|  0|   4|           1|           1|
    |ap_enable_pp0             |       xor|   0|  0|   2|           1|           2|
    +--------------------------+----------+----+---+----+------------+------------+
    |Total                     |          |   0|  0| 265|         172|         181|
    +--------------------------+----------+----+---+----+------------+------------+

    * Multiplexer: 
    +----------------------------------------+----+-----------+-----+-----------+
    |                  Name                  | LUT| Input Size| Bits| Total Bits|
    +----------------------------------------+----+-----------+-----+-----------+
    |ap_done_int                             |   9|          2|    1|          2|
    |ap_enable_reg_pp0_iter1                 |   9|          2|    1|          2|
    |ap_sig_allocacmp_i_1                    |   9|          2|    4|          8|
    |ap_sig_allocacmp_indvar_flatten14_load  |   9|          2|    7|         14|
    |ap_sig_allocacmp_k_load                 |   9|          2|    4|          8|
    |i_fu_84                                 |   9|          2|    4|          8|
    |indvar_flatten14_fu_88                  |   9|          2|    7|         14|
    |k_fu_80                                 |   9|          2|    4|          8|
    +----------------------------------------+----+-----------+-----+-----------+
    |Total                                   |  72|         16|   32|         64|
    +----------------------------------------+----+-----------+-----+-----------+

    * Register: 
    +----------------------------------+----+----+-----+-----------+
    |               Name               | FF | LUT| Bits| Const Bits|
    +----------------------------------+----+----+-----+-----------+
    |add_ln63_1_reg_807                |   6|   0|    6|          0|
    |ap_CS_fsm                         |   1|   0|    1|          0|
    |ap_done_reg                       |   1|   0|    1|          0|
    |ap_enable_reg_pp0_iter1           |   1|   0|    1|          0|
    |ap_enable_reg_pp0_iter2           |   1|   0|    1|          0|
    |ap_enable_reg_pp0_iter3           |   1|   0|    1|          0|
    |ap_enable_reg_pp0_iter4           |   1|   0|    1|          0|
    |ap_enable_reg_pp0_iter5           |   1|   0|    1|          0|
    |ap_loop_exit_ready_pp0_iter1_reg  |   1|   0|    1|          0|
    |ap_loop_exit_ready_pp0_iter2_reg  |   1|   0|    1|          0|
    |ap_loop_exit_ready_pp0_iter3_reg  |   1|   0|    1|          0|
    |ap_loop_exit_ready_pp0_iter4_reg  |   1|   0|    1|          0|
    |buf_2d_in_load_3_reg_867          |  16|   0|   16|          0|
    |buf_2d_in_load_5_reg_877          |  16|   0|   16|          0|
    |buf_2d_in_load_6_reg_882          |  16|   0|   16|          0|
    |buf_2d_in_load_reg_852            |  16|   0|   16|          0|
    |dct_coeff_table_0_load_reg_892    |  14|   0|   14|          0|
    |dct_coeff_table_3_load_reg_907    |  15|   0|   15|          0|
    |dct_coeff_table_5_load_reg_917    |  15|   0|   15|          0|
    |dct_coeff_table_6_load_reg_922    |  15|   0|   15|          0|
    |i_fu_84                           |   4|   0|    4|          0|
    |indvar_flatten14_fu_88            |   7|   0|    7|          0|
    |k_fu_80                           |   4|   0|    4|          0|
    |add_ln63_1_reg_807                |  64|  32|    6|          0|
    +----------------------------------+----+----+-----+-----------+
    |Total                             | 219|  32|  161|          0|
    +----------------------------------+----+----+-----+-----------+



================================================================
== Interface
================================================================
* Summary: 
+----------------------------+-----+-----+------------+------------------------------------------+--------------+
|          RTL Ports         | Dir | Bits|  Protocol  |               Source Object              |    C Type    |
+----------------------------+-----+-----+------------+------------------------------------------+--------------+
|ap_clk                      |   in|    1|  ap_ctrl_hs|  dct_Pipeline_Row_DCT_Loop_DCT_Outer_Loop|  return value|
|ap_rst                      |   in|    1|  ap_ctrl_hs|  dct_Pipeline_Row_DCT_Loop_DCT_Outer_Loop|  return value|
|ap_start                    |   in|    1|  ap_ctrl_hs|  dct_Pipeline_Row_DCT_Loop_DCT_Outer_Loop|  return value|
|ap_done                     |  out|    1|  ap_ctrl_hs|  dct_Pipeline_Row_DCT_Loop_DCT_Outer_Loop|  return value|
|ap_idle                     |  out|    1|  ap_ctrl_hs|  dct_Pipeline_Row_DCT_Loop_DCT_Outer_Loop|  return value|
|ap_ready                    |  out|    1|  ap_ctrl_hs|  dct_Pipeline_Row_DCT_Loop_DCT_Outer_Loop|  return value|
|buf_2d_in_address0          |  out|    6|   ap_memory|                                 buf_2d_in|         array|
|buf_2d_in_ce0               |  out|    1|   ap_memory|                                 buf_2d_in|         array|
|buf_2d_in_q0                |   in|   16|   ap_memory|                                 buf_2d_in|         array|
|buf_2d_in_address1          |  out|    6|   ap_memory|                                 buf_2d_in|         array|
|buf_2d_in_ce1               |  out|    1|   ap_memory|                                 buf_2d_in|         array|
|buf_2d_in_q1                |   in|   16|   ap_memory|                                 buf_2d_in|         array|
|buf_2d_in_address2          |  out|    6|   ap_memory|                                 buf_2d_in|         array|
|buf_2d_in_ce2               |  out|    1|   ap_memory|                                 buf_2d_in|         array|
|buf_2d_in_q2                |   in|   16|   ap_memory|                                 buf_2d_in|         array|
|buf_2d_in_address3          |  out|    6|   ap_memory|                                 buf_2d_in|         array|
|buf_2d_in_ce3               |  out|    1|   ap_memory|                                 buf_2d_in|         array|
|buf_2d_in_q3                |   in|   16|   ap_memory|                                 buf_2d_in|         array|
|buf_2d_in_address4          |  out|    6|   ap_memory|                                 buf_2d_in|         array|
|buf_2d_in_ce4               |  out|    1|   ap_memory|                                 buf_2d_in|         array|
|buf_2d_in_q4                |   in|   16|   ap_memory|                                 buf_2d_in|         array|
|buf_2d_in_address5          |  out|    6|   ap_memory|                                 buf_2d_in|         array|
|buf_2d_in_ce5               |  out|    1|   ap_memory|                                 buf_2d_in|         array|
|buf_2d_in_q5                |   in|   16|   ap_memory|                                 buf_2d_in|         array|
|buf_2d_in_address6          |  out|    6|   ap_memory|                                 buf_2d_in|         array|
|buf_2d_in_ce6               |  out|    1|   ap_memory|                                 buf_2d_in|         array|
|buf_2d_in_q6                |   in|   16|   ap_memory|                                 buf_2d_in|         array|
|buf_2d_in_address7          |  out|    6|   ap_memory|                                 buf_2d_in|         array|
|buf_2d_in_ce7               |  out|    1|   ap_memory|                                 buf_2d_in|         array|
|buf_2d_in_q7                |   in|   16|   ap_memory|                                 buf_2d_in|         array|
|row_outbuf_address0         |  out|    6|   ap_memory|                                row_outbuf|         array|
|row_outbuf_ce0              |  out|    1|   ap_memory|                                row_outbuf|         array|
|row_outbuf_we0              |  out|    1|   ap_memory|                                row_outbuf|         array|
|row_outbuf_d0               |  out|   16|   ap_memory|                                row_outbuf|         array|
|dct_coeff_table_0_address0  |  out|    3|   ap_memory|                         dct_coeff_table_0|         array|
|dct_coeff_table_0_ce0       |  out|    1|   ap_memory|                         dct_coeff_table_0|         array|
|dct_coeff_table_0_q0        |   in|   14|   ap_memory|                         dct_coeff_table_0|         array|
|dct_coeff_table_1_address0  |  out|    3|   ap_memory|                         dct_coeff_table_1|         array|
|dct_coeff_table_1_ce0       |  out|    1|   ap_memory|                         dct_coeff_table_1|         array|
|dct_coeff_table_1_q0        |   in|   15|   ap_memory|                         dct_coeff_table_1|         array|
|dct_coeff_table_2_address0  |  out|    3|   ap_memory|                         dct_coeff_table_2|         array|
|dct_coeff_table_2_ce0       |  out|    1|   ap_memory|                         dct_coeff_table_2|         array|
|dct_coeff_table_2_q0        |   in|   15|   ap_memory|                         dct_coeff_table_2|         array|
|dct_coeff_table_3_address0  |  out|    3|   ap_memory|                         dct_coeff_table_3|         array|
|dct_coeff_table_3_ce0       |  out|    1|   ap_memory|                         dct_coeff_table_3|         array|
|dct_coeff_table_3_q0        |   in|   15|   ap_memory|                         dct_coeff_table_3|         array|
|dct_coeff_table_4_address0  |  out|    3|   ap_memory|                         dct_coeff_table_4|         array|
|dct_coeff_table_4_ce0       |  out|    1|   ap_memory|                         dct_coeff_table_4|         array|
|dct_coeff_table_4_q0        |   in|   15|   ap_memory|                         dct_coeff_table_4|         array|
|dct_coeff_table_5_address0  |  out|    3|   ap_memory|                         dct_coeff_table_5|         array|
|dct_coeff_table_5_ce0       |  out|    1|   ap_memory|                         dct_coeff_table_5|         array|
|dct_coeff_table_5_q0        |   in|   15|   ap_memory|                         dct_coeff_table_5|         array|
|dct_coeff_table_6_address0  |  out|    3|   ap_memory|                         dct_coeff_table_6|         array|
|dct_coeff_table_6_ce0       |  out|    1|   ap_memory|                         dct_coeff_table_6|         array|
|dct_coeff_table_6_q0        |   in|   15|   ap_memory|                         dct_coeff_table_6|         array|
|dct_coeff_table_7_address0  |  out|    3|   ap_memory|                         dct_coeff_table_7|         array|
|dct_coeff_table_7_ce0       |  out|    1|   ap_memory|                         dct_coeff_table_7|         array|
|dct_coeff_table_7_q0        |   in|   15|   ap_memory|                         dct_coeff_table_7|         array|
+----------------------------+-----+-----+------------+------------------------------------------+--------------+

