

================================================================
== Vitis HLS Report for 'dct_Pipeline_Xpose_Row_Outer_Loop_Xpose_Row_Inner_Loop'
================================================================
* Date:           Fri Oct 14 17:52:09 2022

* Version:        2022.1 (Build 3526262 on Mon Apr 18 15:47:01 MDT 2022)
* Project:        dct_prj
* Solution:       solution4 (Vivado IP Flow Target)
* Product family: virtexuplus
* Target device:  xcvu9p-flgb2104-1-e


================================================================
== Performance Estimates
================================================================
+ Timing: 
    * Summary: 
    +--------+----------+----------+------------+
    |  Clock |  Target  | Estimated| Uncertainty|
    +--------+----------+----------+------------+
    |ap_clk  |  10.00 ns|  3.133 ns|     2.70 ns|
    +--------+----------+----------+------------+

+ Latency: 
    * Summary: 
    +---------+---------+----------+----------+-----+-----+---------+
    |  Latency (cycles) |  Latency (absolute) |  Interval | Pipeline|
    |   min   |   max   |    min   |    max   | min | max |   Type  |
    +---------+---------+----------+----------+-----+-----+---------+
    |       66|       66|  0.660 us|  0.660 us|   66|   66|       no|
    +---------+---------+----------+----------+-----+-----+---------+

    + Detail: 
        * Instance: 
        N/A

        * Loop: 
        +---------------------------------------------+---------+---------+----------+-----------+-----------+------+----------+
        |                                             |  Latency (cycles) | Iteration|  Initiation Interval  | Trip |          |
        |                  Loop Name                  |   min   |   max   |  Latency |  achieved |   target  | Count| Pipelined|
        +---------------------------------------------+---------+---------+----------+-----------+-----------+------+----------+
        |- Xpose_Row_Outer_Loop_Xpose_Row_Inner_Loop  |       64|       64|         2|          1|          1|    64|       yes|
        +---------------------------------------------+---------+---------+----------+-----------+-----------+------+----------+



================================================================
== Utilization Estimates
================================================================
* Summary: 
+---------------------+---------+------+---------+---------+-----+
|         Name        | BRAM_18K|  DSP |    FF   |   LUT   | URAM|
+---------------------+---------+------+---------+---------+-----+
|DSP                  |        -|     -|        -|        -|    -|
|Expression           |        -|     -|        0|       94|    -|
|FIFO                 |        -|     -|        -|        -|    -|
|Instance             |        -|     -|        -|        -|    -|
|Memory               |        -|     -|        -|        -|    -|
|Multiplexer          |        -|     -|        -|       72|    -|
|Register             |        -|     -|       24|        -|    -|
+---------------------+---------+------+---------+---------+-----+
|Total                |        0|     0|       24|      166|    0|
+---------------------+---------+------+---------+---------+-----+
|Available SLR        |     1440|  2280|   788160|   394080|  320|
+---------------------+---------+------+---------+---------+-----+
|Utilization SLR (%)  |        0|     0|       ~0|       ~0|    0|
+---------------------+---------+------+---------+---------+-----+
|Available            |     4320|  6840|  2364480|  1182240|  960|
+---------------------+---------+------+---------+---------+-----+
|Utilization (%)      |        0|     0|       ~0|       ~0|    0|
+---------------------+---------+------+---------+---------+-----+

+ Detail: 
    * Instance: 
    N/A

    * DSP: 
    N/A

    * Memory: 
    N/A

    * FIFO: 
    N/A

    * Expression: 
    +-------------------------+----------+----+---+----+------------+------------+
    |      Variable Name      | Operation| DSP| FF| LUT| Bitwidth P0| Bitwidth P1|
    +-------------------------+----------+----+---+----+------------+------------+
    |add_ln81_1_fu_117_p2     |         +|   0|  0|  14|           7|           1|
    |add_ln81_fu_129_p2       |         +|   0|  0|  12|           4|           1|
    |add_ln83_fu_206_p2       |         +|   0|  0|  12|           4|           1|
    |add_ln84_1_fu_200_p2     |         +|   0|  0|  13|           6|           6|
    |add_ln84_fu_189_p2       |         +|   0|  0|  13|           6|           6|
    |icmp_ln81_fu_111_p2      |      icmp|   0|  0|  11|           7|           8|
    |icmp_ln83_fu_135_p2      |      icmp|   0|  0|   9|           4|           5|
    |select_ln81_1_fu_153_p3  |    select|   0|  0|   4|           1|           4|
    |select_ln81_fu_141_p3    |    select|   0|  0|   4|           1|           1|
    |ap_enable_pp0            |       xor|   0|  0|   2|           1|           2|
    +-------------------------+----------+----+---+----+------------+------------+
    |Total                    |          |   0|  0|  94|          41|          35|
    +-------------------------+----------+----+---+----+------------+------------+

    * Multiplexer: 
    +----------------------------------------+----+-----------+-----+-----------+
    |                  Name                  | LUT| Input Size| Bits| Total Bits|
    +----------------------------------------+----+-----------+-----+-----------+
    |ap_done_int                             |   9|          2|    1|          2|
    |ap_enable_reg_pp0_iter1                 |   9|          2|    1|          2|
    |ap_sig_allocacmp_i_load                 |   9|          2|    4|          8|
    |ap_sig_allocacmp_indvar_flatten21_load  |   9|          2|    7|         14|
    |ap_sig_allocacmp_j_load                 |   9|          2|    4|          8|
    |i_fu_50                                 |   9|          2|    4|          8|
    |indvar_flatten21_fu_58                  |   9|          2|    7|         14|
    |j_fu_54                                 |   9|          2|    4|          8|
    +----------------------------------------+----+-----------+-----+-----------+
    |Total                                   |  72|         16|   32|         64|
    +----------------------------------------+----+-----------+-----+-----------+

    * Register: 
    +-------------------------+---+----+-----+-----------+
    |           Name          | FF| LUT| Bits| Const Bits|
    +-------------------------+---+----+-----+-----------+
    |add_ln84_1_reg_260       |  6|   0|    6|          0|
    |ap_CS_fsm                |  1|   0|    1|          0|
    |ap_done_reg              |  1|   0|    1|          0|
    |ap_enable_reg_pp0_iter1  |  1|   0|    1|          0|
    |i_fu_50                  |  4|   0|    4|          0|
    |indvar_flatten21_fu_58   |  7|   0|    7|          0|
    |j_fu_54                  |  4|   0|    4|          0|
    +-------------------------+---+----+-----+-----------+
    |Total                    | 24|   0|   24|          0|
    +-------------------------+---+----+-----+-----------+



================================================================
== Interface
================================================================
* Summary: 
+---------------------+-----+-----+------------+--------------------------------------------------------+--------------+
|      RTL Ports      | Dir | Bits|  Protocol  |                      Source Object                     |    C Type    |
+---------------------+-----+-----+------------+--------------------------------------------------------+--------------+
|ap_clk               |   in|    1|  ap_ctrl_hs|  dct_Pipeline_Xpose_Row_Outer_Loop_Xpose_Row_Inner_Loop|  return value|
|ap_rst               |   in|    1|  ap_ctrl_hs|  dct_Pipeline_Xpose_Row_Outer_Loop_Xpose_Row_Inner_Loop|  return value|
|ap_start             |   in|    1|  ap_ctrl_hs|  dct_Pipeline_Xpose_Row_Outer_Loop_Xpose_Row_Inner_Loop|  return value|
|ap_done              |  out|    1|  ap_ctrl_hs|  dct_Pipeline_Xpose_Row_Outer_Loop_Xpose_Row_Inner_Loop|  return value|
|ap_idle              |  out|    1|  ap_ctrl_hs|  dct_Pipeline_Xpose_Row_Outer_Loop_Xpose_Row_Inner_Loop|  return value|
|ap_ready             |  out|    1|  ap_ctrl_hs|  dct_Pipeline_Xpose_Row_Outer_Loop_Xpose_Row_Inner_Loop|  return value|
|row_outbuf_address0  |  out|    6|   ap_memory|                                              row_outbuf|         array|
|row_outbuf_ce0       |  out|    1|   ap_memory|                                              row_outbuf|         array|
|row_outbuf_q0        |   in|   16|   ap_memory|                                              row_outbuf|         array|
|col_inbuf_address1   |  out|    6|   ap_memory|                                               col_inbuf|         array|
|col_inbuf_ce1        |  out|    1|   ap_memory|                                               col_inbuf|         array|
|col_inbuf_we1        |  out|    1|   ap_memory|                                               col_inbuf|         array|
|col_inbuf_d1         |  out|   16|   ap_memory|                                               col_inbuf|         array|
+---------------------+-----+-----+------------+--------------------------------------------------------+--------------+

